0 info it worked if it ends with ok
1 verbose cli [ '/usr/bin/nodejs',
1 verbose cli   '/usr/bin/npm',
1 verbose cli   'install',
1 verbose cli   'bcrypt',
1 verbose cli   '--save' ]
2 info using npm@1.4.21
3 info using node@v0.10.25
4 verbose readDependencies using package.json deps
5 verbose cache add [ 'bcrypt', null ]
6 verbose cache add name=undefined spec="bcrypt" args=["bcrypt",null]
7 verbose parsed url { protocol: null,
7 verbose parsed url   slashes: null,
7 verbose parsed url   auth: null,
7 verbose parsed url   host: null,
7 verbose parsed url   port: null,
7 verbose parsed url   hostname: null,
7 verbose parsed url   hash: null,
7 verbose parsed url   search: null,
7 verbose parsed url   query: null,
7 verbose parsed url   pathname: 'bcrypt',
7 verbose parsed url   path: 'bcrypt',
7 verbose parsed url   href: 'bcrypt' }
8 silly lockFile 51684124-bcrypt bcrypt
9 verbose lock bcrypt /home/sibarone/.npm/51684124-bcrypt.lock
10 silly lockFile 51684124-bcrypt bcrypt
11 silly lockFile 51684124-bcrypt bcrypt
12 verbose addNamed [ 'bcrypt', '' ]
13 verbose addNamed [ null, '*' ]
14 silly lockFile 1351601c-bcrypt bcrypt@
15 verbose lock bcrypt@ /home/sibarone/.npm/1351601c-bcrypt.lock
16 silly addNameRange { name: 'bcrypt', range: '*', hasData: false }
17 verbose request where is /bcrypt
18 verbose request registry https://registry.npmjs.org/
19 verbose request id 060adc6b4d4b11a8
20 verbose url raw /bcrypt
21 verbose url resolving [ 'https://registry.npmjs.org/', './bcrypt' ]
22 verbose url resolved https://registry.npmjs.org/bcrypt
23 verbose request where is https://registry.npmjs.org/bcrypt
24 info trying registry request attempt 1 at 16:02:18
25 verbose etag "ENBJ1NL03SX71NNGKJI740HX4"
26 http GET https://registry.npmjs.org/bcrypt
27 http 304 https://registry.npmjs.org/bcrypt
28 silly registry.get cb [ 304,
28 silly registry.get   { date: 'Mon, 27 Jul 2015 08:02:24 GMT',
28 silly registry.get     via: '1.1 varnish',
28 silly registry.get     'cache-control': 'max-age=60',
28 silly registry.get     etag: '"ENBJ1NL03SX71NNGKJI740HX4"',
28 silly registry.get     age: '0',
28 silly registry.get     connection: 'keep-alive',
28 silly registry.get     'x-served-by': 'cache-nrt6125-NRT',
28 silly registry.get     'x-cache': 'HIT',
28 silly registry.get     'x-cache-hits': '1',
28 silly registry.get     'x-timer': 'S1437984144.114418,VS0,VE487',
28 silly registry.get     vary: 'Accept' } ]
29 verbose etag https://registry.npmjs.org/bcrypt from cache
30 silly addNameRange number 2 { name: 'bcrypt', range: '*', hasData: true }
31 silly addNameRange versions [ 'bcrypt',
31 silly addNameRange   [ '0.1.2',
31 silly addNameRange     '0.2.0',
31 silly addNameRange     '0.2.1',
31 silly addNameRange     '0.1.3',
31 silly addNameRange     '0.2.2',
31 silly addNameRange     '0.2.3',
31 silly addNameRange     '0.2.4',
31 silly addNameRange     '0.3.0',
31 silly addNameRange     '0.3.1',
31 silly addNameRange     '0.3.2',
31 silly addNameRange     '0.4.0',
31 silly addNameRange     '0.4.1',
31 silly addNameRange     '0.5.0',
31 silly addNameRange     '0.6.0',
31 silly addNameRange     '0.7.0',
31 silly addNameRange     '0.7.1',
31 silly addNameRange     '0.7.2',
31 silly addNameRange     '0.7.3',
31 silly addNameRange     '0.7.4',
31 silly addNameRange     '0.7.5',
31 silly addNameRange     '0.7.6',
31 silly addNameRange     '0.7.7',
31 silly addNameRange     '0.7.8',
31 silly addNameRange     '0.8.0',
31 silly addNameRange     '0.8.1',
31 silly addNameRange     '0.8.2',
31 silly addNameRange     '0.8.3',
31 silly addNameRange     '0.8.4' ] ]
32 verbose addNamed [ 'bcrypt', '0.8.4' ]
33 verbose addNamed [ '0.8.4', '0.8.4' ]
34 silly lockFile ae3c34f2-bcrypt-0-8-4 bcrypt@0.8.4
35 verbose lock bcrypt@0.8.4 /home/sibarone/.npm/ae3c34f2-bcrypt-0-8-4.lock
36 silly lockFile ae3c34f2-bcrypt-0-8-4 bcrypt@0.8.4
37 silly lockFile ae3c34f2-bcrypt-0-8-4 bcrypt@0.8.4
38 silly lockFile 1351601c-bcrypt bcrypt@
39 silly lockFile 1351601c-bcrypt bcrypt@
40 silly resolved [ { name: 'bcrypt',
40 silly resolved     description: 'A bcrypt library for NodeJS.',
40 silly resolved     keywords:
40 silly resolved      [ 'bcrypt',
40 silly resolved        'password',
40 silly resolved        'auth',
40 silly resolved        'authentication',
40 silly resolved        'encryption',
40 silly resolved        'crypt',
40 silly resolved        'crypto' ],
40 silly resolved     main: './bcrypt',
40 silly resolved     version: '0.8.4',
40 silly resolved     author: { name: 'Nick Campbell', url: 'https://github.com/ncb000gt' },
40 silly resolved     engines: { node: '>= 0.6.0' },
40 silly resolved     repository:
40 silly resolved      { type: 'git',
40 silly resolved        url: 'git+https://github.com/ncb000gt/node.bcrypt.js.git' },
40 silly resolved     license: 'MIT',
40 silly resolved     bugs: { url: 'https://github.com/ncb000gt/node.bcrypt.js/issues' },
40 silly resolved     scripts:
40 silly resolved      { test: 'node-gyp configure build && nodeunit test',
40 silly resolved        install: 'node-gyp rebuild' },
40 silly resolved     dependencies: { bindings: '1.2.1', nan: '1.8.4' },
40 silly resolved     devDependencies: { nodeunit: '~0.9.1' },
40 silly resolved     contributors:
40 silly resolved      [ [Object],
40 silly resolved        [Object],
40 silly resolved        [Object],
40 silly resolved        [Object],
40 silly resolved        [Object],
40 silly resolved        [Object],
40 silly resolved        [Object],
40 silly resolved        [Object],
40 silly resolved        [Object],
40 silly resolved        [Object],
40 silly resolved        [Object],
40 silly resolved        [Object],
40 silly resolved        [Object],
40 silly resolved        [Object] ],
40 silly resolved     gypfile: true,
40 silly resolved     gitHead: '5ca168581369b2d75823b3000803d8edf94ae459',
40 silly resolved     homepage: 'https://github.com/ncb000gt/node.bcrypt.js#readme',
40 silly resolved     _id: 'bcrypt@0.8.4',
40 silly resolved     _shasum: 'fabad077c91c484591a4a34778317ef56478126f',
40 silly resolved     _from: 'bcrypt@',
40 silly resolved     _npmVersion: '2.11.1',
40 silly resolved     _nodeVersion: '0.10.38',
40 silly resolved     _npmUser: { name: 'defunctzombie', email: 'shtylman@gmail.com' },
40 silly resolved     dist:
40 silly resolved      { shasum: 'fabad077c91c484591a4a34778317ef56478126f',
40 silly resolved        tarball: 'http://registry.npmjs.org/bcrypt/-/bcrypt-0.8.4.tgz' },
40 silly resolved     maintainers: [ [Object], [Object], [Object], [Object] ],
40 silly resolved     directories: {},
40 silly resolved     _resolved: 'https://registry.npmjs.org/bcrypt/-/bcrypt-0.8.4.tgz',
40 silly resolved     readme: 'ERROR: No README data found!' } ]
41 info install bcrypt@0.8.4 into /media/sibarone/文档/工作/Git/gdutWishWall
42 info installOne bcrypt@0.8.4
43 verbose node_modules/bcrypt unbuild
44 verbose tar unpack /home/sibarone/.npm/bcrypt/0.8.4/package.tgz
45 silly lockFile e6d48593-gdutWishWall-node-modules-bcrypt tar:///media/sibarone/文档/工作/Git/gdutWishWall/node_modules/bcrypt
46 verbose lock tar:///media/sibarone/文档/工作/Git/gdutWishWall/node_modules/bcrypt /home/sibarone/.npm/e6d48593-gdutWishWall-node-modules-bcrypt.lock
47 silly lockFile 040c4202-one-npm-bcrypt-0-8-4-package-tgz tar:///home/sibarone/.npm/bcrypt/0.8.4/package.tgz
48 verbose lock tar:///home/sibarone/.npm/bcrypt/0.8.4/package.tgz /home/sibarone/.npm/040c4202-one-npm-bcrypt-0-8-4-package-tgz.lock
49 silly gunzTarPerm modes [ '755', '644' ]
50 silly gunzTarPerm extractEntry package.json
51 silly gunzTarPerm extractEntry .npmignore
52 silly gunzTarPerm extractEntry README.md
53 silly gunzTarPerm extractEntry LICENSE
54 silly gunzTarPerm extractEntry bcrypt.js
55 silly gunzTarPerm extractEntry binding.gyp
56 silly gunzTarPerm extractEntry .travis.yml
57 silly gunzTarPerm extractEntry CHANGELOG.md
58 silly gunzTarPerm extractEntry examples/async_compare.js
59 silly gunzTarPerm extractEntry examples/forever_gen_salt.js
60 silly gunzTarPerm extractEntry test/async.js
61 silly gunzTarPerm extractEntry test/repetitions.js
62 silly gunzTarPerm extractEntry test/sync.js
63 silly gunzTarPerm extractEntry Makefile
64 silly gunzTarPerm extractEntry src/bcrypt.cc
65 silly gunzTarPerm extractEntry src/bcrypt_node.cc
66 silly gunzTarPerm extractEntry src/blowfish.cc
67 silly gunzTarPerm extractEntry src/node_blf.h
68 silly gunzTarPerm extractEntry werker.yml
69 silly lockFile e6d48593-gdutWishWall-node-modules-bcrypt tar:///media/sibarone/文档/工作/Git/gdutWishWall/node_modules/bcrypt
70 silly lockFile e6d48593-gdutWishWall-node-modules-bcrypt tar:///media/sibarone/文档/工作/Git/gdutWishWall/node_modules/bcrypt
71 silly lockFile 040c4202-one-npm-bcrypt-0-8-4-package-tgz tar:///home/sibarone/.npm/bcrypt/0.8.4/package.tgz
72 silly lockFile 040c4202-one-npm-bcrypt-0-8-4-package-tgz tar:///home/sibarone/.npm/bcrypt/0.8.4/package.tgz
73 info preinstall bcrypt@0.8.4
74 verbose readDependencies using package.json deps
75 verbose readDependencies using package.json deps
76 verbose cache add [ 'bindings@1.2.1', null ]
77 verbose cache add name=undefined spec="bindings@1.2.1" args=["bindings@1.2.1",null]
78 verbose parsed url { protocol: null,
78 verbose parsed url   slashes: null,
78 verbose parsed url   auth: null,
78 verbose parsed url   host: null,
78 verbose parsed url   port: null,
78 verbose parsed url   hostname: null,
78 verbose parsed url   hash: null,
78 verbose parsed url   search: null,
78 verbose parsed url   query: null,
78 verbose parsed url   pathname: 'bindings@1.2.1',
78 verbose parsed url   path: 'bindings@1.2.1',
78 verbose parsed url   href: 'bindings@1.2.1' }
79 verbose cache add [ 'nan@1.8.4', null ]
80 verbose cache add name=undefined spec="nan@1.8.4" args=["nan@1.8.4",null]
81 verbose parsed url { protocol: null,
81 verbose parsed url   slashes: null,
81 verbose parsed url   auth: null,
81 verbose parsed url   host: null,
81 verbose parsed url   port: null,
81 verbose parsed url   hostname: null,
81 verbose parsed url   hash: null,
81 verbose parsed url   search: null,
81 verbose parsed url   query: null,
81 verbose parsed url   pathname: 'nan@1.8.4',
81 verbose parsed url   path: 'nan@1.8.4',
81 verbose parsed url   href: 'nan@1.8.4' }
82 verbose cache add name="bindings" spec="1.2.1" args=["bindings","1.2.1"]
83 verbose parsed url { protocol: null,
83 verbose parsed url   slashes: null,
83 verbose parsed url   auth: null,
83 verbose parsed url   host: null,
83 verbose parsed url   port: null,
83 verbose parsed url   hostname: null,
83 verbose parsed url   hash: null,
83 verbose parsed url   search: null,
83 verbose parsed url   query: null,
83 verbose parsed url   pathname: '1.2.1',
83 verbose parsed url   path: '1.2.1',
83 verbose parsed url   href: '1.2.1' }
84 verbose addNamed [ 'bindings', '1.2.1' ]
85 verbose addNamed [ '1.2.1', '1.2.1' ]
86 silly lockFile e9060511-bindings-1-2-1 bindings@1.2.1
87 verbose lock bindings@1.2.1 /home/sibarone/.npm/e9060511-bindings-1-2-1.lock
88 verbose cache add name="nan" spec="1.8.4" args=["nan","1.8.4"]
89 verbose parsed url { protocol: null,
89 verbose parsed url   slashes: null,
89 verbose parsed url   auth: null,
89 verbose parsed url   host: null,
89 verbose parsed url   port: null,
89 verbose parsed url   hostname: null,
89 verbose parsed url   hash: null,
89 verbose parsed url   search: null,
89 verbose parsed url   query: null,
89 verbose parsed url   pathname: '1.8.4',
89 verbose parsed url   path: '1.8.4',
89 verbose parsed url   href: '1.8.4' }
90 verbose addNamed [ 'nan', '1.8.4' ]
91 verbose addNamed [ '1.8.4', '1.8.4' ]
92 silly lockFile 86d5700b-nan-1-8-4 nan@1.8.4
93 verbose lock nan@1.8.4 /home/sibarone/.npm/86d5700b-nan-1-8-4.lock
94 verbose request where is /bindings
95 verbose request registry https://registry.npmjs.org/
96 verbose url raw /bindings
97 verbose url resolving [ 'https://registry.npmjs.org/', './bindings' ]
98 verbose url resolved https://registry.npmjs.org/bindings
99 verbose request where is https://registry.npmjs.org/bindings
100 info trying registry request attempt 1 at 16:02:24
101 verbose etag "BCS5XYG9ISNJFNKEL5FLOI5HX"
102 http GET https://registry.npmjs.org/bindings
103 verbose request where is /nan
104 verbose request registry https://registry.npmjs.org/
105 verbose url raw /nan
106 verbose url resolving [ 'https://registry.npmjs.org/', './nan' ]
107 verbose url resolved https://registry.npmjs.org/nan
108 verbose request where is https://registry.npmjs.org/nan
109 info trying registry request attempt 1 at 16:02:24
110 verbose etag "9T2TEINHQE1CYR42PWQNCEY3X"
111 http GET https://registry.npmjs.org/nan
112 http 304 https://registry.npmjs.org/nan
113 silly registry.get cb [ 304,
113 silly registry.get   { date: 'Mon, 27 Jul 2015 08:02:25 GMT',
113 silly registry.get     via: '1.1 varnish',
113 silly registry.get     'cache-control': 'max-age=60',
113 silly registry.get     etag: '"9T2TEINHQE1CYR42PWQNCEY3X"',
113 silly registry.get     age: '42',
113 silly registry.get     connection: 'keep-alive',
113 silly registry.get     'x-served-by': 'cache-nrt6130-NRT',
113 silly registry.get     'x-cache': 'HIT',
113 silly registry.get     'x-cache-hits': '3',
113 silly registry.get     'x-timer': 'S1437984145.409797,VS0,VE0',
113 silly registry.get     vary: 'Accept' } ]
114 verbose etag https://registry.npmjs.org/nan from cache
115 http 304 https://registry.npmjs.org/bindings
116 silly registry.get cb [ 304,
116 silly registry.get   { date: 'Mon, 27 Jul 2015 08:02:25 GMT',
116 silly registry.get     via: '1.1 varnish',
116 silly registry.get     'cache-control': 'max-age=60',
116 silly registry.get     etag: '"BCS5XYG9ISNJFNKEL5FLOI5HX"',
116 silly registry.get     age: '32',
116 silly registry.get     connection: 'keep-alive',
116 silly registry.get     'x-served-by': 'cache-nrt6126-NRT',
116 silly registry.get     'x-cache': 'HIT',
116 silly registry.get     'x-cache-hits': '2',
116 silly registry.get     'x-timer': 'S1437984145.413401,VS0,VE0',
116 silly registry.get     vary: 'Accept' } ]
117 verbose etag https://registry.npmjs.org/bindings from cache
118 silly lockFile e9060511-bindings-1-2-1 bindings@1.2.1
119 silly lockFile e9060511-bindings-1-2-1 bindings@1.2.1
120 silly lockFile 86d5700b-nan-1-8-4 nan@1.8.4
121 silly lockFile 86d5700b-nan-1-8-4 nan@1.8.4
122 silly resolved [ { name: 'bindings',
122 silly resolved     description: 'Helper module for loading your native module\'s .node file',
122 silly resolved     keywords: [ 'native', 'addon', 'bindings', 'gyp', 'waf', 'c', 'c++' ],
122 silly resolved     version: '1.2.1',
122 silly resolved     author:
122 silly resolved      { name: 'Nathan Rajlich',
122 silly resolved        email: 'nathan@tootallnate.net',
122 silly resolved        url: 'http://tootallnate.net' },
122 silly resolved     repository:
122 silly resolved      { type: 'git',
122 silly resolved        url: 'git://github.com/TooTallNate/node-bindings.git' },
122 silly resolved     main: './bindings.js',
122 silly resolved     bugs: { url: 'https://github.com/TooTallNate/node-bindings/issues' },
122 silly resolved     homepage: 'https://github.com/TooTallNate/node-bindings',
122 silly resolved     license: 'MIT',
122 silly resolved     gitHead: 'e404152ee27f8478ccbc7122ee051246e8e5ec02',
122 silly resolved     _id: 'bindings@1.2.1',
122 silly resolved     scripts: {},
122 silly resolved     _shasum: '14ad6113812d2d37d72e67b4cacb4bb726505f11',
122 silly resolved     _from: 'bindings@1.2.1',
122 silly resolved     _npmVersion: '1.4.14',
122 silly resolved     _npmUser: { name: 'tootallnate', email: 'nathan@tootallnate.net' },
122 silly resolved     maintainers: [ [Object], [Object] ],
122 silly resolved     dist:
122 silly resolved      { shasum: '14ad6113812d2d37d72e67b4cacb4bb726505f11',
122 silly resolved        tarball: 'http://registry.npmjs.org/bindings/-/bindings-1.2.1.tgz' },
122 silly resolved     directories: {},
122 silly resolved     _resolved: 'https://registry.npmjs.org/bindings/-/bindings-1.2.1.tgz',
122 silly resolved     readme: 'ERROR: No README data found!' },
122 silly resolved   { name: 'nan',
122 silly resolved     version: '1.8.4',
122 silly resolved     description: 'Native Abstractions for Node.js: C++ header for Node 0.8->0.12 compatibility',
122 silly resolved     main: 'include_dirs.js',
122 silly resolved     repository: { type: 'git', url: 'git://github.com/iojs/nan.git' },
122 silly resolved     scripts:
122 silly resolved      { test: 'tap --gc test/js/*-test.js',
122 silly resolved        'rebuild-tests': 'pangyp rebuild --directory test' },
122 silly resolved     contributors:
122 silly resolved      [ [Object],
122 silly resolved        [Object],
122 silly resolved        [Object],
122 silly resolved        [Object],
122 silly resolved        [Object],
122 silly resolved        [Object],
122 silly resolved        [Object] ],
122 silly resolved     devDependencies:
122 silly resolved      { bindings: '~1.2.1',
122 silly resolved        'node-gyp': '~1.0.2',
122 silly resolved        pangyp: '~2.0.1',
122 silly resolved        tap: '~0.7.1',
122 silly resolved        xtend: '~4.0.0' },
122 silly resolved     license: 'MIT',
122 silly resolved     gitHead: 'ed3bbf4ced0cf7937b4e4164766797f71aa97f3d',
122 silly resolved     bugs: { url: 'https://github.com/iojs/nan/issues' },
122 silly resolved     homepage: 'https://github.com/iojs/nan#readme',
122 silly resolved     _id: 'nan@1.8.4',
122 silly resolved     _shasum: '3c76b5382eab33e44b758d2813ca9d92e9342f34',
122 silly resolved     _from: 'nan@1.8.4',
122 silly resolved     _npmVersion: '2.8.3',
122 silly resolved     _nodeVersion: '0.12.2',
122 silly resolved     _npmUser: { name: 'kkoopa', email: 'bbyholm@abo.fi' },
122 silly resolved     maintainers: [ [Object], [Object] ],
122 silly resolved     dist:
122 silly resolved      { shasum: '3c76b5382eab33e44b758d2813ca9d92e9342f34',
122 silly resolved        tarball: 'http://registry.npmjs.org/nan/-/nan-1.8.4.tgz' },
122 silly resolved     directories: {},
122 silly resolved     _resolved: 'https://registry.npmjs.org/nan/-/nan-1.8.4.tgz',
122 silly resolved     readme: 'ERROR: No README data found!' } ]
123 info install bindings@1.2.1 into /media/sibarone/文档/工作/Git/gdutWishWall/node_modules/bcrypt
124 info install nan@1.8.4 into /media/sibarone/文档/工作/Git/gdutWishWall/node_modules/bcrypt
125 info installOne bindings@1.2.1
126 info installOne nan@1.8.4
127 verbose node_modules/bcrypt/node_modules/bindings unbuild
128 verbose node_modules/bcrypt/node_modules/nan unbuild
129 verbose tar unpack /home/sibarone/.npm/bindings/1.2.1/package.tgz
130 silly lockFile c6c462ad-les-bcrypt-node-modules-bindings tar:///media/sibarone/文档/工作/Git/gdutWishWall/node_modules/bcrypt/node_modules/bindings
131 verbose lock tar:///media/sibarone/文档/工作/Git/gdutWishWall/node_modules/bcrypt/node_modules/bindings /home/sibarone/.npm/c6c462ad-les-bcrypt-node-modules-bindings.lock
132 silly lockFile 94a60df7-e-npm-bindings-1-2-1-package-tgz tar:///home/sibarone/.npm/bindings/1.2.1/package.tgz
133 verbose lock tar:///home/sibarone/.npm/bindings/1.2.1/package.tgz /home/sibarone/.npm/94a60df7-e-npm-bindings-1-2-1-package-tgz.lock
134 verbose tar unpack /home/sibarone/.npm/nan/1.8.4/package.tgz
135 silly lockFile 0ddc5927--modules-bcrypt-node-modules-nan tar:///media/sibarone/文档/工作/Git/gdutWishWall/node_modules/bcrypt/node_modules/nan
136 verbose lock tar:///media/sibarone/文档/工作/Git/gdutWishWall/node_modules/bcrypt/node_modules/nan /home/sibarone/.npm/0ddc5927--modules-bcrypt-node-modules-nan.lock
137 silly lockFile f553207b-barone-npm-nan-1-8-4-package-tgz tar:///home/sibarone/.npm/nan/1.8.4/package.tgz
138 verbose lock tar:///home/sibarone/.npm/nan/1.8.4/package.tgz /home/sibarone/.npm/f553207b-barone-npm-nan-1-8-4-package-tgz.lock
139 silly gunzTarPerm modes [ '755', '644' ]
140 silly gunzTarPerm modes [ '755', '644' ]
141 silly gunzTarPerm extractEntry package.json
142 silly gunzTarPerm extractEntry package.json
143 silly gunzTarPerm modified mode [ 'package.json', 436, 420 ]
144 silly gunzTarPerm extractEntry README.md
145 silly gunzTarPerm extractEntry bindings.js
146 silly gunzTarPerm extractEntry README.md
147 silly gunzTarPerm modified mode [ 'README.md', 436, 420 ]
148 silly gunzTarPerm extractEntry include_dirs.js
149 silly gunzTarPerm modified mode [ 'include_dirs.js', 436, 420 ]
150 silly gunzTarPerm extractEntry LICENSE.md
151 silly gunzTarPerm modified mode [ 'LICENSE.md', 436, 420 ]
152 silly gunzTarPerm extractEntry .dntrc
153 silly gunzTarPerm modified mode [ '.dntrc', 436, 420 ]
154 silly gunzTarPerm extractEntry appveyor.yml
155 silly gunzTarPerm modified mode [ 'appveyor.yml', 436, 420 ]
156 silly gunzTarPerm extractEntry nan.h
157 silly gunzTarPerm modified mode [ 'nan.h', 436, 420 ]
158 silly gunzTarPerm extractEntry nan_implementation_12_inl.h
159 silly gunzTarPerm modified mode [ 'nan_implementation_12_inl.h', 436, 420 ]
160 silly gunzTarPerm extractEntry nan_implementation_pre_12_inl.h
161 silly gunzTarPerm modified mode [ 'nan_implementation_pre_12_inl.h', 436, 420 ]
162 silly gunzTarPerm extractEntry nan_new.h
163 silly gunzTarPerm modified mode [ 'nan_new.h', 436, 420 ]
164 silly gunzTarPerm extractEntry nan_string_bytes.h
165 silly gunzTarPerm modified mode [ 'nan_string_bytes.h', 436, 420 ]
166 silly gunzTarPerm extractEntry CHANGELOG.md
167 silly gunzTarPerm modified mode [ 'CHANGELOG.md', 436, 420 ]
168 silly lockFile c6c462ad-les-bcrypt-node-modules-bindings tar:///media/sibarone/文档/工作/Git/gdutWishWall/node_modules/bcrypt/node_modules/bindings
169 silly lockFile c6c462ad-les-bcrypt-node-modules-bindings tar:///media/sibarone/文档/工作/Git/gdutWishWall/node_modules/bcrypt/node_modules/bindings
170 silly lockFile 94a60df7-e-npm-bindings-1-2-1-package-tgz tar:///home/sibarone/.npm/bindings/1.2.1/package.tgz
171 silly lockFile 94a60df7-e-npm-bindings-1-2-1-package-tgz tar:///home/sibarone/.npm/bindings/1.2.1/package.tgz
172 info preinstall bindings@1.2.1
173 verbose readDependencies using package.json deps
174 verbose readDependencies using package.json deps
175 silly resolved []
176 verbose about to build /media/sibarone/文档/工作/Git/gdutWishWall/node_modules/bcrypt/node_modules/bindings
177 info build /media/sibarone/文档/工作/Git/gdutWishWall/node_modules/bcrypt/node_modules/bindings
178 verbose linkStuff [ false,
178 verbose linkStuff   false,
178 verbose linkStuff   false,
178 verbose linkStuff   '/media/sibarone/文档/工作/Git/gdutWishWall/node_modules/bcrypt/node_modules' ]
179 info linkStuff bindings@1.2.1
180 verbose linkBins bindings@1.2.1
181 verbose linkMans bindings@1.2.1
182 verbose rebuildBundles bindings@1.2.1
183 info install bindings@1.2.1
184 info postinstall bindings@1.2.1
185 silly lockFile 0ddc5927--modules-bcrypt-node-modules-nan tar:///media/sibarone/文档/工作/Git/gdutWishWall/node_modules/bcrypt/node_modules/nan
186 silly lockFile 0ddc5927--modules-bcrypt-node-modules-nan tar:///media/sibarone/文档/工作/Git/gdutWishWall/node_modules/bcrypt/node_modules/nan
187 silly lockFile f553207b-barone-npm-nan-1-8-4-package-tgz tar:///home/sibarone/.npm/nan/1.8.4/package.tgz
188 silly lockFile f553207b-barone-npm-nan-1-8-4-package-tgz tar:///home/sibarone/.npm/nan/1.8.4/package.tgz
189 info preinstall nan@1.8.4
190 verbose readDependencies using package.json deps
191 verbose readDependencies using package.json deps
192 silly resolved []
193 verbose about to build /media/sibarone/文档/工作/Git/gdutWishWall/node_modules/bcrypt/node_modules/nan
194 info build /media/sibarone/文档/工作/Git/gdutWishWall/node_modules/bcrypt/node_modules/nan
195 verbose linkStuff [ false,
195 verbose linkStuff   false,
195 verbose linkStuff   false,
195 verbose linkStuff   '/media/sibarone/文档/工作/Git/gdutWishWall/node_modules/bcrypt/node_modules' ]
196 info linkStuff nan@1.8.4
197 verbose linkBins nan@1.8.4
198 verbose linkMans nan@1.8.4
199 verbose rebuildBundles nan@1.8.4
200 info install nan@1.8.4
201 info postinstall nan@1.8.4
202 verbose about to build /media/sibarone/文档/工作/Git/gdutWishWall/node_modules/bcrypt
203 info build /media/sibarone/文档/工作/Git/gdutWishWall/node_modules/bcrypt
204 verbose linkStuff [ false,
204 verbose linkStuff   false,
204 verbose linkStuff   false,
204 verbose linkStuff   '/media/sibarone/文档/工作/Git/gdutWishWall/node_modules' ]
205 info linkStuff bcrypt@0.8.4
206 verbose linkBins bcrypt@0.8.4
207 verbose linkMans bcrypt@0.8.4
208 verbose rebuildBundles bcrypt@0.8.4
209 verbose rebuildBundles [ 'bindings', 'nan' ]
210 info install bcrypt@0.8.4
211 verbose unsafe-perm in lifecycle false
212 info bcrypt@0.8.4 Failed to exec install script
213 verbose node_modules/bcrypt unbuild
214 warn This failure might be due to the use of legacy binary "node"
215 warn For further explanations, please read
/usr/share/doc/nodejs/README.Debian
216 info preuninstall bcrypt@0.8.4
217 info uninstall bcrypt@0.8.4
218 verbose true,/media/sibarone/文档/工作/Git/gdutWishWall/node_modules,/media/sibarone/文档/工作/Git/gdutWishWall/node_modules unbuild bcrypt@0.8.4
219 info postuninstall bcrypt@0.8.4
220 error bcrypt@0.8.4 install: `node-gyp rebuild`
220 error Exit status 1
221 error Failed at the bcrypt@0.8.4 install script.
221 error This is most likely a problem with the bcrypt package,
221 error not with npm itself.
221 error Tell the author that this fails on your system:
221 error     node-gyp rebuild
221 error You can get their info via:
221 error     npm owner ls bcrypt
221 error There is likely additional logging output above.
222 error System Linux 3.16.0-43-generic
223 error command "/usr/bin/nodejs" "/usr/bin/npm" "install" "bcrypt" "--save"
224 error cwd /media/sibarone/文档/工作/Git/gdutWishWall
225 error node -v v0.10.25
226 error npm -v 1.4.21
227 error code ELIFECYCLE
228 verbose exit [ 1, true ]
